[2019-11-17 15:27:45] Executing bootstrap tasks
[2019-11-17 15:27:45] Java(TM) SE Runtime Environment 13.0.1+9
[2019-11-17 15:27:45] Product org.eclipse.products.epp.package.jee.2019-09
[2019-11-17 15:27:45] Bundle org.eclipse.oomph.setup 1.14.0.v20190815-1111, build=4222, branch=df1f9db2f1c3e575486f818cae17bfd35a376162
[2019-11-17 15:27:45] Bundle org.eclipse.oomph.setup.core 1.14.0.v20190705-1542, build=4222, branch=df1f9db2f1c3e575486f818cae17bfd35a376162
[2019-11-17 15:27:45] Bundle org.eclipse.oomph.setup.p2 1.12.0.v20190704-1252, build=4222, branch=df1f9db2f1c3e575486f818cae17bfd35a376162
[2019-11-17 15:27:45] Performing P2 Director (Eclipse IDE for Enterprise Java Developers (2019-09))
[2019-11-17 15:27:45] Offline = false
[2019-11-17 15:27:45] Mirrors = true
[2019-11-17 15:27:45] Resolving 89 requirements from 3 repositories to C:\Users\lee\Desktop\Project\ATMS\eclipse
[2019-11-17 15:27:45] Requirement epp.package.jee [4.13.0,5.0.0)
[2019-11-17 15:27:45] Requirement org.eclipse.platform.feature.group [4.13.0,5.0.0)
[2019-11-17 15:27:45] Requirement org.eclipse.rcp.feature.group [4.13.0,5.0.0)
[2019-11-17 15:27:45] Requirement org.eclipse.buildship.feature.group
[2019-11-17 15:27:45] Requirement org.eclipse.cft.server.core.feature.feature.group
[2019-11-17 15:27:45] Requirement org.eclipse.cft.server.ui.feature.feature.group
[2019-11-17 15:27:45] Requirement org.eclipse.datatools.common.doc.user.feature.group
[2019-11-17 15:27:45] Requirement org.eclipse.datatools.connectivity.doc.user.feature.group
[2019-11-17 15:27:45] Requirement org.eclipse.datatools.connectivity.feature.feature.group
[2019-11-17 15:27:45] Requirement org.eclipse.datatools.connectivity.oda.designer.core.feature.feature.group
[2019-11-17 15:27:45] Requirement org.eclipse.datatools.connectivity.oda.designer.feature.feature.group
[2019-11-17 15:27:45] Requirement org.eclipse.datatools.connectivity.oda.feature.feature.group
[2019-11-17 15:27:45] Requirement org.eclipse.datatools.doc.user.feature.group
[2019-11-17 15:27:45] Requirement org.eclipse.datatools.enablement.apache.derby.feature.feature.group
[2019-11-17 15:27:45] Requirement org.eclipse.datatools.enablement.feature.feature.group
[2019-11-17 15:27:45] Requirement org.eclipse.datatools.enablement.hsqldb.feature.feature.group
[2019-11-17 15:27:45] Requirement org.eclipse.datatools.enablement.ibm.feature.feature.group
[2019-11-17 15:27:45] Requirement org.eclipse.datatools.enablement.ingres.feature.feature.group
[2019-11-17 15:27:45] Requirement org.eclipse.datatools.enablement.jdbc.feature.feature.group
[2019-11-17 15:27:45] Requirement org.eclipse.datatools.enablement.jdt.feature.feature.group
[2019-11-17 15:27:45] Requirement org.eclipse.datatools.enablement.msft.feature.feature.group
[2019-11-17 15:27:45] Requirement org.eclipse.datatools.enablement.mysql.feature.feature.group
[2019-11-17 15:27:45] Requirement org.eclipse.datatools.enablement.oda.designer.feature.feature.group
[2019-11-17 15:27:45] Requirement org.eclipse.datatools.enablement.oda.feature.feature.group
[2019-11-17 15:27:45] Requirement org.eclipse.datatools.enablement.oracle.feature.feature.group
[2019-11-17 15:27:45] Requirement org.eclipse.datatools.enablement.postgresql.feature.feature.group
[2019-11-17 15:27:45] Requirement org.eclipse.datatools.enablement.sap.feature.feature.group
[2019-11-17 15:27:45] Requirement org.eclipse.datatools.enablement.sdk.feature.feature.group
[2019-11-17 15:27:45] Requirement org.eclipse.datatools.enablement.sqlite.feature.feature.group
[2019-11-17 15:27:45] Requirement org.eclipse.datatools.enablement.sybase.feature.feature.group
[2019-11-17 15:27:45] Requirement org.eclipse.datatools.intro.feature.group
[2019-11-17 15:27:45] Requirement org.eclipse.datatools.modelbase.feature.feature.group
[2019-11-17 15:27:45] Requirement org.eclipse.datatools.sdk.feature.feature.group
[2019-11-17 15:27:45] Requirement org.eclipse.datatools.sqldevtools.data.feature.feature.group
[2019-11-17 15:27:45] Requirement org.eclipse.datatools.sqldevtools.ddl.feature.feature.group
[2019-11-17 15:27:45] Requirement org.eclipse.datatools.sqldevtools.ddlgen.feature.feature.group
[2019-11-17 15:27:45] Requirement org.eclipse.datatools.sqldevtools.feature.feature.group
[2019-11-17 15:27:45] Requirement org.eclipse.datatools.sqldevtools.parsers.feature.feature.group
[2019-11-17 15:27:45] Requirement org.eclipse.datatools.sqldevtools.results.feature.feature.group
[2019-11-17 15:27:45] Requirement org.eclipse.datatools.sqldevtools.schemaobjecteditor.feature.feature.group
[2019-11-17 15:27:45] Requirement org.eclipse.datatools.sqldevtools.sqlbuilder.feature.feature.group
[2019-11-17 15:27:45] Requirement org.eclipse.datatools.sqltools.doc.user.feature.group
[2019-11-17 15:27:45] Requirement org.eclipse.eclemma.feature.feature.group
[2019-11-17 15:27:45] Requirement org.eclipse.egit.feature.group
[2019-11-17 15:27:45] Requirement org.eclipse.egit.mylyn.feature.group
[2019-11-17 15:27:45] Requirement org.eclipse.epp.mpc.feature.group
[2019-11-17 15:27:45] Requirement org.eclipse.jdt.feature.group
[2019-11-17 15:27:45] Requirement org.eclipse.jpt.common.eclipselink.feature.feature.group
[2019-11-17 15:27:45] Requirement org.eclipse.jpt.common.feature.feature.group
[2019-11-17 15:27:45] Requirement org.eclipse.jpt.jaxb.eclipselink.feature.feature.group
[2019-11-17 15:27:45] Requirement org.eclipse.jpt.jaxb.feature.feature.group
[2019-11-17 15:27:45] Requirement org.eclipse.jpt.jpa.eclipselink.feature.feature.group
[2019-11-17 15:27:45] Requirement org.eclipse.jpt.jpa.feature.feature.group
[2019-11-17 15:27:45] Requirement org.eclipse.jsf.feature.feature.group
[2019-11-17 15:27:45] Requirement org.eclipse.jst.common.fproj.enablement.jdt.feature.group
[2019-11-17 15:27:45] Requirement org.eclipse.jst.enterprise_ui.feature.feature.group
[2019-11-17 15:27:45] Requirement org.eclipse.jst.jsf.apache.trinidad.tagsupport.feature.feature.group
[2019-11-17 15:27:45] Requirement org.eclipse.jst.server_adapters.ext.feature.feature.group
[2019-11-17 15:27:45] Requirement org.eclipse.jst.server_adapters.feature.feature.group
[2019-11-17 15:27:45] Requirement org.eclipse.jst.server_ui.feature.feature.group
[2019-11-17 15:27:45] Requirement org.eclipse.jst.web_ui.feature.feature.group
[2019-11-17 15:27:45] Requirement org.eclipse.jst.webpageeditor.feature.feature.group
[2019-11-17 15:27:45] Requirement org.eclipse.jst.ws.axis2tools.feature.feature.group
[2019-11-17 15:27:45] Requirement org.eclipse.jst.ws.cxf.feature.feature.group
[2019-11-17 15:27:45] Requirement org.eclipse.jst.ws.jaxws.dom.feature.feature.group
[2019-11-17 15:27:45] Requirement org.eclipse.jst.ws.jaxws.feature.feature.group
[2019-11-17 15:27:45] Requirement org.eclipse.m2e.feature.feature.group
[2019-11-17 15:27:45] Requirement org.eclipse.m2e.logback.feature.feature.group
[2019-11-17 15:27:45] Requirement org.eclipse.m2e.wtp.feature.feature.group
[2019-11-17 15:27:45] Requirement org.eclipse.m2e.wtp.jaxrs.feature.feature.group
[2019-11-17 15:27:45] Requirement org.eclipse.m2e.wtp.jpa.feature.feature.group
[2019-11-17 15:27:45] Requirement org.eclipse.m2e.wtp.jsf.feature.feature.group
[2019-11-17 15:27:45] Requirement org.eclipse.mylyn.bugzilla_feature.feature.group
[2019-11-17 15:27:45] Requirement org.eclipse.mylyn.context_feature.feature.group
[2019-11-17 15:27:45] Requirement org.eclipse.mylyn.ide_feature.feature.group
[2019-11-17 15:27:45] Requirement org.eclipse.mylyn.java_feature.feature.group
[2019-11-17 15:27:45] Requirement org.eclipse.mylyn.wikitext_feature.feature.group
[2019-11-17 15:27:45] Requirement org.eclipse.mylyn_feature.feature.group
[2019-11-17 15:27:45] Requirement org.eclipse.pde.feature.group
[2019-11-17 15:27:45] Requirement org.eclipse.tips.feature.feature.group
[2019-11-17 15:27:45] Requirement org.eclipse.tm.terminal.feature.feature.group
[2019-11-17 15:27:45] Requirement org.eclipse.wst.common.fproj.feature.group
[2019-11-17 15:27:45] Requirement org.eclipse.wst.jsdt.chromium.debug.feature.feature.group
[2019-11-17 15:27:45] Requirement org.eclipse.wst.jsdt.feature.feature.group
[2019-11-17 15:27:45] Requirement org.eclipse.wst.server_adapters.feature.feature.group
[2019-11-17 15:27:45] Requirement org.eclipse.wst.web_ui.feature.feature.group
[2019-11-17 15:27:45] Requirement org.eclipse.wst.xml_ui.feature.feature.group
[2019-11-17 15:27:45] Requirement org.eclipse.wst.xsl.feature.feature.group
[2019-11-17 15:27:45] Requirement org.eclipse.oomph.setup.feature.group
[2019-11-17 15:27:45] Repository http://download.eclipse.org/technology/epp/packages/2019-09
[2019-11-17 15:27:45] Repository http://download.eclipse.org/releases/2019-09/201909181001
[2019-11-17 15:27:45] Repository http://download.eclipse.org/oomph/updates/milestone/latest
[2019-11-17 15:27:59] Calculating requirements and dependencies.
[2019-11-17 15:28:02] Computing prerequisite plan
[2019-11-17 15:32:10] Fetching artifacts.xml.xz from http://download.eclipse.org/technology/epp/packages/2019-09/
[2019-11-17 15:32:11] Fetching artifacts.xml.xz from http://download.eclipse.org/releases/2019-09/201909181001/
[2019-11-17 15:32:20] Fetching compositeArtifacts.jar from http://download.eclipse.org/oomph/updates/milestone/latest/ (444B)
[2019-11-17 15:32:21] Fetching artifacts.jar from http://download.eclipse.org/oomph/drops/milestone/S20191105-074631-1.15.0-M2/ (9.65kB)
[2019-11-17 15:32:21] Collecting 7 artifacts from http://download.eclipse.org/technology/epp/packages/2019-09
[2019-11-17 15:32:22] Downloading org.eclipse.wtp.epp.package.capabilities
[2019-11-17 15:32:22] Downloading org.eclipse.epp.package.common.feature
[2019-11-17 15:32:22] Downloading org.eclipse.epp.package.jee.feature
[2019-11-17 15:32:22] Downloading org.eclipse.wtp.epp.package.jee.intro
[2019-11-17 15:32:22] Downloading org.eclipse.epp.package.common
[2019-11-17 15:32:22] Downloading epp.package.jee.executable.win32.win32.x86_64
[2019-11-17 15:32:22] Downloading org.eclipse.epp.package.jee
[2019-11-17 15:32:22] Fetching org.eclipse.wtp.epp.package.capabilities_1.3.0.v201902122017.jar from http://ftp.jaist.ac.jp/pub/eclipse/technology/epp/packages/2019-09/plugins/ (16.53kB)
[2019-11-17 15:32:22] Fetching org.eclipse.epp.package.common.feature_4.13.0.20190917-0000.jar from http://ftp.yz.yamagata-u.ac.jp/pub/eclipse/technology/epp/packages/2019-09/features/ (19.3kB)
[2019-11-17 15:32:22] Fetching org.eclipse.epp.package.jee.feature_4.13.0.20190917-0000.jar from http://mirror.kakao.com/eclipse/technology/epp/packages/2019-09/features/ (20.45kB)
[2019-11-17 15:32:23] Fetching org.eclipse.wtp.epp.package.jee.intro_1.3.0.v201902122017.jar from http://mirror.rise.ph/eclipse/technology/epp/packages/2019-09/plugins/ (1.09MB)
[2019-11-17 15:32:23] Fetching epp.package.jee.executable.win32.win32.x86_64_4.13.0.20190917-0000 from http://ftp.daumkakao.com/eclipse/technology/epp/packages/2019-09/binary/ (150.98kB)
[2019-11-17 15:32:23] Fetching org.eclipse.epp.package.jee_4.13.0.20190917-0000.jar.pack.gz from http://eclipse.mirrors.estointernet.in/technology/epp/packages/2019-09/plugins/ (111.68kB)
[2019-11-17 15:32:23] Fetching org.eclipse.epp.package.common_4.13.0.20190917-0000.jar.pack.gz from http://mirrors.neusoft.edu.cn/eclipse/technology/epp/packages/2019-09/plugins/ (192.27kB)
[2019-11-17 15:32:24] Fetching org.eclipse.wtp.epp.package.jee.intro_1.3.0.v201902122017.jar from http://mirror.rise.ph/eclipse/technology/epp/packages/2019-09/plugins/
[2019-11-17 15:32:25] Mirrored 1 artifacts from http://mirror.rise.ph/eclipse/technology/epp/packages/2019-09/ at 572kb/s
[2019-11-17 15:32:25] Mirrored 1 artifacts from http://ftp.daumkakao.com/eclipse/technology/epp/packages/2019-09/ at 206kb/s
[2019-11-17 15:32:25] Mirrored 1 artifacts from http://mirrors.neusoft.edu.cn/eclipse/technology/epp/packages/2019-09/ at 171kb/s
[2019-11-17 15:32:25] Mirrored 1 artifacts from http://eclipse.mirrors.estointernet.in/technology/epp/packages/2019-09/ at 95kb/s
[2019-11-17 15:32:25] Mirrored 1 artifacts from http://ftp.yz.yamagata-u.ac.jp/pub/eclipse/technology/epp/packages/2019-09/ at 86kb/s
[2019-11-17 15:32:25] Mirrored 1 artifacts from http://ftp.jaist.ac.jp/pub/eclipse/technology/epp/packages/2019-09/ at 76kb/s
[2019-11-17 15:32:25] Mirrored 1 artifacts from http://mirror.kakao.com/eclipse/technology/epp/packages/2019-09/ at 68kb/s
[2019-11-17 15:32:25] Collected 7 artifacts for http://download.eclipse.org/technology/epp/packages/2019-09 in 3.789s
[2019-11-17 15:32:25] Collecting 38 artifacts from http://download.eclipse.org/oomph/updates/milestone/latest
[2019-11-17 15:32:26] Downloading org.eclipse.oomph.setup.p2.edit
[2019-11-17 15:32:26] Downloading org.eclipse.oomph.p2
[2019-11-17 15:32:26] Downloading org.eclipse.oomph.setup
[2019-11-17 15:32:26] Downloading org.eclipse.oomph.setup.core
[2019-11-17 15:32:26] Downloading org.eclipse.oomph.predicates.edit
[2019-11-17 15:32:26] Downloading org.eclipse.oomph.setup.p2
[2019-11-17 15:32:26] Downloading org.eclipse.oomph.extractor.lib
[2019-11-17 15:32:26] Downloading org.eclipse.oomph.predicates
[2019-11-17 15:32:26] Downloading org.eclipse.oomph.jreinfo.win32.x86_64
[2019-11-17 15:32:26] Downloading org.eclipse.oomph.resources.edit
[2019-11-17 15:32:26] Fetching org.eclipse.oomph.setup.p2.edit_1.11.0.v20190702-1454.jar.pack.gz from http://ftp.jaist.ac.jp/pub/eclipse/oomph/drops/milestone/S20191105-074631-1.15.0-M2/plugins/ (13.46kB)
[2019-11-17 15:32:26] Fetching org.eclipse.oomph.jreinfo.win32.x86_64_1.6.0.v20190823-0727.jar from http://mirror.kakao.com/eclipse/oomph/drops/milestone/S20191105-074631-1.15.0-M2/plugins/ (28.76kB)
[2019-11-17 15:32:26] Fetching org.eclipse.oomph.predicates.edit_1.10.0.v20180706-1242.jar.pack.gz from http://ftp.daumkakao.com/eclipse/oomph/drops/milestone/S20191105-074631-1.15.0-M2/plugins/ (19.86kB)
[2019-11-17 15:32:26] Fetching org.eclipse.oomph.resources.edit_1.10.0.v20180706-1242.jar.pack.gz from http://ftp.yz.yamagata-u.ac.jp/pub/eclipse/oomph/drops/milestone/S20191105-074631-1.15.0-M2/plugins/ (14.18kB)
[2019-11-17 15:32:26] Fetching org.eclipse.oomph.predicates.edit_1.10.0.v20180706-1242.jar.pack.gz from http://ftp.daumkakao.com/eclipse/oomph/drops/milestone/S20191105-074631-1.15.0-M2/plugins/ (19.86kB)
[2019-11-17 15:32:26] Fetching org.eclipse.oomph.extractor.lib_1.6.0.v20190410-0601.jar.pack.gz from http://eclipse.mirrors.estointernet.in/oomph/drops/milestone/S20191105-074631-1.15.0-M2/plugins/ (13.92kB)
[2019-11-17 15:32:26] Fetching org.eclipse.oomph.predicates_1.11.0.v20190920-0437.jar.pack.gz from http://mirrors.neusoft.edu.cn/eclipse/oomph/drops/milestone/S20191105-074631-1.15.0-M2/plugins/ (25.48kB)
[2019-11-17 15:32:26] Fetching org.eclipse.oomph.setup_1.15.0.v20191103-1337.jar from http://mirror.rise.ph/eclipse/oomph/drops/milestone/S20191105-074631-1.15.0-M2/features/ (19.18kB)
[2019-11-17 15:32:26] Fetching org.eclipse.oomph.setup.p2_1.13.0.v20191019-1424.jar.pack.gz from http://eclipse.stu.edu.tw/oomph/drops/milestone/S20191105-074631-1.15.0-M2/plugins/ (23.3kB)
[2019-11-17 15:32:27] Fetching org.eclipse.oomph.p2_1.14.0.v20191019-1424.jar from http://mirror.library.ucy.ac.cy/eclipse/oomph/drops/milestone/S20191105-074631-1.15.0-M2/features/ (19.13kB)
[2019-11-17 15:32:27] Downloading org.eclipse.oomph.jreinfo
[2019-11-17 15:32:27] Downloading org.eclipse.oomph.p2
[2019-11-17 15:32:27] Fetching org.eclipse.oomph.jreinfo_1.11.0.v20190523-0419.jar.pack.gz from http://eclipse.stu.edu.tw/oomph/drops/milestone/S20191105-074631-1.15.0-M2/plugins/ (17.8kB)
[2019-11-17 15:32:27] Fetching org.eclipse.oomph.setup.core_1.15.0.v20191103-1337.jar from https://ftp.harukasan.org/eclipse/oomph/drops/milestone/S20191105-074631-1.15.0-M2/features/ (19.29kB)
[2019-11-17 15:32:27] Downloading org.apache.commons.logging
[2019-11-17 15:32:28] Downloading org.eclipse.oomph.base
[2019-11-17 15:32:28] Fetching org.eclipse.oomph.p2_1.11.0.v20190920-0437.jar.pack.gz from http://mirror.bit.edu.cn/eclipse/oomph/drops/milestone/S20191105-074631-1.15.0-M2/plugins/ (33.5kB)
[2019-11-17 15:32:28] Fetching org.apache.commons.logging_1.2.0.v20180409-1502.jar.pack.gz from http://eclipse.mirror.rafal.ca/oomph/drops/milestone/S20191105-074631-1.15.0-M2/plugins/ (33.71kB)
[2019-11-17 15:32:28] Downloading org.eclipse.oomph.preferences
[2019-11-17 15:32:29] Fetching org.eclipse.oomph.base_1.12.0.v20190705-1018.jar.pack.gz from http://ftp.osuosl.org/pub/eclipse/oomph/drops/milestone/S20191105-074631-1.15.0-M2/plugins/ (33.95kB)
[2019-11-17 15:32:29] Downloading org.eclipse.oomph.workingsets.edit
[2019-11-17 15:32:29] Downloading org.eclipse.nebula.widgets.tablecombo
[2019-11-17 15:32:29] Fetching org.eclipse.oomph.preferences_1.11.0.v20190920-0437.jar.pack.gz from http://mirror.csclub.uwaterloo.ca/eclipse/oomph/drops/milestone/S20191105-074631-1.15.0-M2/plugins/ (34.42kB)
[2019-11-17 15:32:29] Fetching org.eclipse.nebula.widgets.tablecombo_1.2.0.201910251134.jar from http://mirror.kakao.com/eclipse/oomph/drops/milestone/S20191105-074631-1.15.0-M2/plugins/ (36.44kB)
[2019-11-17 15:32:29] Downloading org.eclipse.oomph.resources
[2019-11-17 15:32:30] Downloading org.eclipse.oomph.p2.edit
[2019-11-17 15:32:30] Fetching org.eclipse.oomph.workingsets.edit_1.10.0.v20180706-1242.jar.pack.gz from http://mirror.cc.columbia.edu/pub/software/eclipse/oomph/drops/milestone/S20191105-074631-1.15.0-M2/plugins/ (16.27kB)
[2019-11-17 15:32:30] Fetching org.eclipse.oomph.resources_1.12.0.v20190920-0437.jar.pack.gz from http://mirror.kakao.com/eclipse/oomph/drops/milestone/S20191105-074631-1.15.0-M2/plugins/ (41.84kB)
[2019-11-17 15:32:30] Fetching org.eclipse.oomph.p2.edit_1.11.0.v20190323-1130.jar.pack.gz from http://mirror.kakao.com/eclipse/oomph/drops/milestone/S20191105-074631-1.15.0-M2/plugins/ (20.38kB)
[2019-11-17 15:32:30] Downloading org.eclipse.oomph.setup.doc
[2019-11-17 15:32:30] Fetching org.eclipse.oomph.setup.doc_1.10.0.v20180706-1242.jar from http://mirror.kakao.com/eclipse/oomph/drops/milestone/S20191105-074631-1.15.0-M2/plugins/ (2.49MB)
[2019-11-17 15:32:30] Downloading org.eclipse.oomph.setup.ui
[2019-11-17 15:32:30] Fetching org.eclipse.oomph.setup.ui_1.15.0.v20191103-0619.jar.pack.gz from http://mirror.kakao.com/eclipse/oomph/drops/milestone/S20191105-074631-1.15.0-M2/plugins/ (229.21kB)
[2019-11-17 15:32:30] Downloading org.eclipse.oomph.p2.ui
[2019-11-17 15:32:30] Fetching org.eclipse.oomph.p2.ui_1.12.0.v20191001-1008.jar.pack.gz from http://mirror.kakao.com/eclipse/oomph/drops/milestone/S20191105-074631-1.15.0-M2/plugins/ (118.22kB)
[2019-11-17 15:32:31] Downloading org.eclipse.oomph.ui
[2019-11-17 15:32:31] Downloading org.eclipse.oomph.p2.core
[2019-11-17 15:32:31] Downloading org.eclipse.oomph.setup.ui.questionnaire
[2019-11-17 15:32:31] Fetching org.eclipse.oomph.setup.doc_1.10.0.v20180706-1242.jar from http://mirror.kakao.com/eclipse/oomph/drops/milestone/S20191105-074631-1.15.0-M2/plugins/
[2019-11-17 15:32:31] Fetching org.eclipse.oomph.ui_1.13.0.v20191104-0824.jar.pack.gz from http://mirror.kakao.com/eclipse/oomph/drops/milestone/S20191105-074631-1.15.0-M2/plugins/ (117.9kB)
[2019-11-17 15:32:31] Fetching org.eclipse.oomph.setup.ui.questionnaire_1.10.0.v20180706-1242.jar.pack.gz from http://mirror.kakao.com/eclipse/oomph/drops/milestone/S20191105-074631-1.15.0-M2/plugins/ (287.2kB)
[2019-11-17 15:32:31] Fetching org.eclipse.oomph.p2.core_1.14.0.v20191019-1424.jar.pack.gz from http://ftp.daumkakao.com/eclipse/oomph/drops/milestone/S20191105-074631-1.15.0-M2/plugins/ (123.26kB)
[2019-11-17 15:32:31] Downloading org.eclipse.oomph.p2.doc
[2019-11-17 15:32:31] Downloading org.apache.commons.codec
[2019-11-17 15:32:31] Fetching org.eclipse.oomph.p2.doc_1.10.0.v20180706-1242.jar from http://mirror.kakao.com/eclipse/oomph/drops/milestone/S20191105-074631-1.15.0-M2/plugins/ (313.03kB)
[2019-11-17 15:32:32] Fetching org.apache.commons.codec_1.10.0.v20180409-1845.jar.pack.gz from http://ftp.daumkakao.com/eclipse/oomph/drops/milestone/S20191105-074631-1.15.0-M2/plugins/ (112.2kB)
[2019-11-17 15:32:32] Downloading org.eclipse.oomph.util
[2019-11-17 15:32:32] Downloading org.eclipse.oomph.setup.edit
[2019-11-17 15:32:32] Fetching org.eclipse.oomph.util_1.13.0.v20191019-1424.jar.pack.gz from http://mirror.kakao.com/eclipse/oomph/drops/milestone/S20191105-074631-1.15.0-M2/plugins/ (76.38kB)
[2019-11-17 15:32:33] Fetching org.eclipse.oomph.setup.edit_1.14.0.v20190704-1252.jar.pack.gz from http://mirror.kakao.com/eclipse/oomph/drops/milestone/S20191105-074631-1.15.0-M2/plugins/ (55.51kB)
[2019-11-17 15:32:33] Downloading org.eclipse.oomph.setup.editor
[2019-11-17 15:32:34] Downloading org.eclipse.oomph.setup
[2019-11-17 15:32:34] Downloading org.apache.httpcomponents.httpcore
[2019-11-17 15:32:34] Downloading org.eclipse.oomph.workingsets.editor
[2019-11-17 15:32:34] Fetching org.apache.httpcomponents.httpcore_4.4.10.v20190123-2214.jar.pack.gz from http://mirror.kakao.com/eclipse/oomph/drops/milestone/S20191105-074631-1.15.0-M2/plugins/ (108.91kB)
[2019-11-17 15:32:34] Fetching org.eclipse.oomph.setup.editor_1.15.0.v20190929-1544.jar.pack.gz from http://mirror.kakao.com/eclipse/oomph/drops/milestone/S20191105-074631-1.15.0-M2/plugins/ (166.47kB)
[2019-11-17 15:32:34] Fetching org.eclipse.oomph.setup_1.15.0.v20191103-1337.jar.pack.gz from http://ftp.daumkakao.com/eclipse/oomph/drops/milestone/S20191105-074631-1.15.0-M2/plugins/ (136.23kB)
[2019-11-17 15:32:34] Fetching org.eclipse.oomph.workingsets.editor_1.11.0.v20190929-1544.jar.pack.gz from http://mirror.kakao.com/eclipse/oomph/drops/milestone/S20191105-074631-1.15.0-M2/plugins/ (41.85kB)
[2019-11-17 15:32:34] Downloading org.eclipse.oomph.setup.core
[2019-11-17 15:32:34] Fetching org.eclipse.oomph.setup.core_1.15.0.v20191103-0619.jar.pack.gz from http://ftp.daumkakao.com/eclipse/oomph/drops/milestone/S20191105-074631-1.15.0-M2/plugins/ (106.71kB)
[2019-11-17 15:32:34] Downloading org.eclipse.oomph.setup.sync
[2019-11-17 15:32:35] Downloading org.eclipse.oomph.base.edit
[2019-11-17 15:32:35] Fetching org.eclipse.oomph.setup.sync_1.11.0.v20190920-0437.jar.pack.gz from http://ftp.daumkakao.com/eclipse/oomph/drops/milestone/S20191105-074631-1.15.0-M2/plugins/ (46.06kB)
[2019-11-17 15:32:35] Fetching org.eclipse.oomph.base.edit_1.12.0.v20190702-1454.jar.pack.gz from http://ftp.daumkakao.com/eclipse/oomph/drops/milestone/S20191105-074631-1.15.0-M2/plugins/ (24.53kB)
[2019-11-17 15:32:35] Downloading org.eclipse.oomph.jreinfo.ui
[2019-11-17 15:32:35] Fetching org.eclipse.oomph.jreinfo.ui_1.11.0.v20191006-0741.jar.pack.gz from http://mirror.kakao.com/eclipse/oomph/drops/milestone/S20191105-074631-1.15.0-M2/plugins/ (27.08kB)
[2019-11-17 15:32:36] Mirrored 7 artifacts from http://ftp.daumkakao.com/eclipse/oomph/drops/milestone/S20191105-074631-1.15.0-M2/ at 189kb/s
[2019-11-17 15:32:36] Mirrored 16 artifacts from http://mirror.kakao.com/eclipse/oomph/drops/milestone/S20191105-074631-1.15.0-M2/ at 130kb/s with 2 failures
[2019-11-17 15:32:36] Mirrored 1 artifacts from http://ftp.jaist.ac.jp/pub/eclipse/oomph/drops/milestone/S20191105-074631-1.15.0-M2/ at 66kb/s
[2019-11-17 15:32:36] Mirrored 1 artifacts from http://mirrors.neusoft.edu.cn/eclipse/oomph/drops/milestone/S20191105-074631-1.15.0-M2/ at 50kb/s
[2019-11-17 15:32:36] Mirrored 1 artifacts from http://ftp.yz.yamagata-u.ac.jp/pub/eclipse/oomph/drops/milestone/S20191105-074631-1.15.0-M2/ at 47kb/s
[2019-11-17 15:32:36] Mirrored 1 artifacts from http://mirror.rise.ph/eclipse/oomph/drops/milestone/S20191105-074631-1.15.0-M2/ at 44kb/s
[2019-11-17 15:32:36] Mirrored 1 artifacts from http://mirror.csclub.uwaterloo.ca/eclipse/oomph/drops/milestone/S20191105-074631-1.15.0-M2/ at 36kb/s
[2019-11-17 15:32:36] Mirrored 1 artifacts from http://eclipse.stu.edu.tw/oomph/drops/milestone/S20191105-074631-1.15.0-M2/ at 35kb/s
[2019-11-17 15:32:36] Mirrored 1 artifacts from http://eclipse.stu.edu.tw/oomph/drops/milestone/S20191105-074631-1.15.0-M2/ at 31kb/s
[2019-11-17 15:32:36] Mirrored 1 artifacts from http://eclipse.mirror.rafal.ca/oomph/drops/milestone/S20191105-074631-1.15.0-M2/ at 30kb/s
[2019-11-17 15:32:36] Mirrored 1 artifacts from http://eclipse.mirrors.estointernet.in/oomph/drops/milestone/S20191105-074631-1.15.0-M2/ at 29kb/s
[2019-11-17 15:32:36] Mirrored 1 artifacts from http://ftp.osuosl.org/pub/eclipse/oomph/drops/milestone/S20191105-074631-1.15.0-M2/ at 28kb/s
[2019-11-17 15:32:36] Mirrored 1 artifacts from http://mirror.bit.edu.cn/eclipse/oomph/drops/milestone/S20191105-074631-1.15.0-M2/ at 20kb/s
[2019-11-17 15:32:36] Mirrored 1 artifacts from http://mirror.cc.columbia.edu/pub/software/eclipse/oomph/drops/milestone/S20191105-074631-1.15.0-M2/ at 14kb/s
[2019-11-17 15:32:36] Mirrored 1 artifacts from http://mirror.library.ucy.ac.cy/eclipse/oomph/drops/milestone/S20191105-074631-1.15.0-M2/ at 13kb/s
[2019-11-17 15:32:36] Mirrored 1 artifacts from https://ftp.harukasan.org/eclipse/oomph/drops/milestone/S20191105-074631-1.15.0-M2/ at 12kb/s
[2019-11-17 15:32:36] Collected 38 artifacts for http://download.eclipse.org/oomph/updates/milestone/latest in 10.852s
[2019-11-17 15:32:36] The engine operation was cancelled and the changes are being rolled back.
[2019-11-17 15:32:36] 
